Copyright 1986-2018 Xilinx, Inc. All Rights Reserved.
-------------------------------------------------------------------------------------------------------------------------------------------------------
| Tool Version     : Vivado v.2018.2 (win64) Build 2258646 Thu Jun 14 20:03:12 MDT 2018
| Date             : Mon Nov  4 11:41:00 2024
| Host             : DESKTOP-6UM9BQI running 64-bit major release  (build 9200)
| Command          : report_power -file Top_Student_power_routed.rpt -pb Top_Student_power_summary_routed.pb -rpx Top_Student_power_routed.rpx
| Design           : Top_Student
| Device           : xc7a35tcpg236-1
| Design State     : routed
| Grade            : commercial
| Process          : typical
| Characterization : Production
-------------------------------------------------------------------------------------------------------------------------------------------------------

Power Report

Table of Contents
-----------------
1. Summary
1.1 On-Chip Components
1.2 Power Supply Summary
1.3 Confidence Level
2. Settings
2.1 Environment
2.2 Clock Constraints
3. Detailed Reports
3.1 By Hierarchy

1. Summary
----------

+--------------------------+--------------+
| Total On-Chip Power (W)  | 0.120        |
| Design Power Budget (W)  | Unspecified* |
| Power Budget Margin (W)  | NA           |
| Dynamic (W)              | 0.048        |
| Device Static (W)        | 0.072        |
| Effective TJA (C/W)      | 5.0          |
| Max Ambient (C)          | 84.4         |
| Junction Temperature (C) | 25.6         |
| Confidence Level         | Low          |
| Setting File             | ---          |
| Simulation Activity File | ---          |
| Design Nets Matched      | NA           |
+--------------------------+--------------+
* Specify Design Power Budget using, set_operating_conditions -design_power_budget <value in Watts>


1.1 On-Chip Components
----------------------

+----------------+-----------+----------+-----------+-----------------+
| On-Chip        | Power (W) | Used     | Available | Utilization (%) |
+----------------+-----------+----------+-----------+-----------------+
| Clocks         |     0.011 |        3 |       --- |             --- |
| Slice Logic    |     0.006 |     8216 |       --- |             --- |
|   LUT as Logic |     0.004 |     4592 |     20800 |           22.08 |
|   CARRY4       |    <0.001 |      485 |      8150 |            5.95 |
|   Register     |    <0.001 |     1951 |     41600 |            4.69 |
|   Others       |     0.000 |      159 |       --- |             --- |
|   BUFG         |     0.000 |        1 |        32 |            3.13 |
|   F7/F8 Muxes  |     0.000 |      435 |     32600 |            1.33 |
| Signals        |     0.007 |     6653 |       --- |             --- |
| DSPs           |     0.003 |        6 |        90 |            6.67 |
| I/O            |     0.021 |       59 |       106 |           55.66 |
| Static Power   |     0.072 |          |           |                 |
| Total          |     0.120 |          |           |                 |
+----------------+-----------+----------+-----------+-----------------+


1.2 Power Supply Summary
------------------------

+-----------+-------------+-----------+-------------+------------+
| Source    | Voltage (V) | Total (A) | Dynamic (A) | Static (A) |
+-----------+-------------+-----------+-------------+------------+
| Vccint    |       1.000 |     0.037 |       0.027 |      0.010 |
| Vccaux    |       1.800 |     0.013 |       0.001 |      0.013 |
| Vcco33    |       3.300 |     0.007 |       0.006 |      0.001 |
| Vcco25    |       2.500 |     0.000 |       0.000 |      0.000 |
| Vcco18    |       1.800 |     0.000 |       0.000 |      0.000 |
| Vcco15    |       1.500 |     0.000 |       0.000 |      0.000 |
| Vcco135   |       1.350 |     0.000 |       0.000 |      0.000 |
| Vcco12    |       1.200 |     0.000 |       0.000 |      0.000 |
| Vccaux_io |       1.800 |     0.000 |       0.000 |      0.000 |
| Vccbram   |       1.000 |     0.000 |       0.000 |      0.000 |
| MGTAVcc   |       1.000 |     0.000 |       0.000 |      0.000 |
| MGTAVtt   |       1.200 |     0.000 |       0.000 |      0.000 |
| Vccadc    |       1.800 |     0.020 |       0.000 |      0.020 |
+-----------+-------------+-----------+-------------+------------+


1.3 Confidence Level
--------------------

+-----------------------------+------------+--------------------------------------------------------+--------------------------------------------------------------------------------------------------------------------+
| User Input Data             | Confidence | Details                                                | Action                                                                                                             |
+-----------------------------+------------+--------------------------------------------------------+--------------------------------------------------------------------------------------------------------------------+
| Design implementation state | High       | Design is routed                                       |                                                                                                                    |
| Clock nodes activity        | Medium     | More than 5% of clocks are missing user specification  | Provide missing clock activity with a constraint file, simulation results or by editing the "By Clock Domain" view |
| I/O nodes activity          | Low        | More than 75% of inputs are missing user specification | Provide missing input activity with simulation results or by editing the "By Resource Type -> I/Os" view           |
| Internal nodes activity     | Medium     | User specified less than 25% of internal nodes         | Provide missing internal nodes activity with simulation results or by editing the "By Resource Type" views         |
| Device models               | High       | Device models are Production                           |                                                                                                                    |
|                             |            |                                                        |                                                                                                                    |
| Overall confidence level    | Low        |                                                        |                                                                                                                    |
+-----------------------------+------------+--------------------------------------------------------+--------------------------------------------------------------------------------------------------------------------+


2. Settings
-----------

2.1 Environment
---------------

+-----------------------+--------------------------+
| Ambient Temp (C)      | 25.0                     |
| ThetaJA (C/W)         | 5.0                      |
| Airflow (LFM)         | 250                      |
| Heat Sink             | medium (Medium Profile)  |
| ThetaSA (C/W)         | 4.6                      |
| Board Selection       | medium (10"x10")         |
| # of Board Layers     | 12to15 (12 to 15 Layers) |
| Board Temperature (C) | 25.0                     |
+-----------------------+--------------------------+


2.2 Clock Constraints
---------------------

+-------------+--------+-----------------+
| Clock       | Domain | Constraint (ns) |
+-------------+--------+-----------------+
| sys_clk_pin | clk    |            10.0 |
+-------------+--------+-----------------+


3. Detailed Reports
-------------------

3.1 By Hierarchy
----------------

+----------------------+-----------+
| Name                 | Power (W) |
+----------------------+-----------+
| Top_Student          |     0.048 |
|   clock_20khz        |    <0.001 |
|   clock_6p25mhz      |    <0.001 |
|   copy2              |     0.000 |
|   display_control    |    <0.001 |
|   nolabel_line102    |     0.015 |
|     colour0          |    <0.001 |
|       convert0       |     0.000 |
|     control0         |    <0.001 |
|     note_start       |    <0.001 |
|     song0            |     0.004 |
|       tone0          |    <0.001 |
|       tone1          |    <0.001 |
|       tone2          |    <0.001 |
|       tone3          |    <0.001 |
|       tone4          |    <0.001 |
|       tone5          |    <0.001 |
|     song1            |     0.004 |
|       ton8           |    <0.001 |
|       tone1          |    <0.001 |
|       tone3          |    <0.001 |
|       tone4          |    <0.001 |
|       tone5          |    <0.001 |
|       tone6          |    <0.001 |
|       tone7          |    <0.001 |
|       tone9          |    <0.001 |
|     song2            |     0.003 |
|       tone0          |    <0.001 |
|       tone1          |    <0.001 |
|       tone2          |    <0.001 |
|       tone3          |    <0.001 |
|       tone4          |    <0.001 |
|     song3            |     0.003 |
|       tone1          |    <0.001 |
|       tone2          |    <0.001 |
|       tone3          |    <0.001 |
|       tone4          |    <0.001 |
|       tone5          |    <0.001 |
|       tone6          |    <0.001 |
|     speaker_start    |    <0.001 |
|     update0          |    <0.001 |
|       d1             |    <0.001 |
|         dff0         |    <0.001 |
|         dff1         |    <0.001 |
|       d2             |    <0.001 |
|         dff0         |    <0.001 |
|         dff1         |    <0.001 |
|   nolabel_line105    |    <0.001 |
|     toggleplayer     |    <0.001 |
|     xy               |    <0.001 |
|   nolabel_line108    |     0.005 |
|     fa_1             |     0.001 |
|       fa_0           |    <0.001 |
|       fa_1           |    <0.001 |
|       fa_2           |    <0.001 |
|       fa_3           |    <0.001 |
|     fa_3             |     0.004 |
|       fa_0           |    <0.001 |
|   nolabel_line110    |    <0.001 |
|   nolabel_line112    |    <0.001 |
|   nolabel_line114    |    <0.001 |
|   nolabel_line119    |    <0.001 |
|     abs              |     0.000 |
|     clock_100        |    <0.001 |
|     clock_20khz      |    <0.001 |
|     h                |     0.000 |
|   nolabel_line94     |     0.001 |
|     blink_led        |    <0.001 |
|       nolabel_line28 |    <0.001 |
|     counter          |    <0.001 |
|     nolabel_line35   |    <0.001 |
|     switch_leds      |    <0.001 |
|   nolabel_line96     |    <0.001 |
|     nolabel_line40   |    <0.001 |
|       dff0           |    <0.001 |
|       dff1           |    <0.001 |
|     nolabel_line42   |     0.000 |
|     nolabel_line43   |     0.000 |
|     nolabel_line44   |     0.000 |
|   nolabel_line99     |     0.002 |
|     app              |    <0.001 |
|       five           |     0.000 |
|       four           |     0.000 |
|       one            |     0.000 |
|       three          |     0.000 |
|       two            |     0.000 |
|     clock_0          |    <0.001 |
|     fa1              |    <0.001 |
|       dut            |    <0.001 |
|     fa2              |    <0.001 |
|       dut            |    <0.001 |
|     fa3              |    <0.001 |
|       dff0           |    <0.001 |
|       dff1           |    <0.001 |
|     select           |    <0.001 |
|     slow             |    <0.001 |
+----------------------+-----------+


